INFO [2025-02-26 18:17:29] $x
INFO [2025-02-26 18:17:29] list(`15an` = unique_upregulated_MHCC_15an, `15a` = unique_upregulated_MHCC_15a, 
INFO [2025-02-26 18:17:29]     `15c` = unique_upregulated_MHCC_15c)
INFO [2025-02-26 18:17:29] 
INFO [2025-02-26 18:17:29] $filename
INFO [2025-02-26 18:17:29] NULL
INFO [2025-02-26 18:17:29] 
INFO [2025-02-26 18:17:29] $fill
INFO [2025-02-26 18:17:29] c("red", "green", "blue")
INFO [2025-02-26 18:17:29] 
INFO [2025-02-26 18:17:29] $alpha
INFO [2025-02-26 18:17:29] [1] 0.5
INFO [2025-02-26 18:17:29] 
INFO [2025-02-26 18:17:29] $cex
INFO [2025-02-26 18:17:29] [1] 1.5
INFO [2025-02-26 18:17:29] 
INFO [2025-02-26 18:17:29] $fontface
INFO [2025-02-26 18:17:29] [1] "bold"
INFO [2025-02-26 18:17:29] 
INFO [2025-02-26 18:17:29] $fontfamily
INFO [2025-02-26 18:17:29] [1] "sans"
INFO [2025-02-26 18:17:29] 
INFO [2025-02-26 18:17:29] $cat.cex
INFO [2025-02-26 18:17:29] [1] 1.2
INFO [2025-02-26 18:17:29] 
INFO [2025-02-26 18:17:29] $cat.fontface
INFO [2025-02-26 18:17:29] [1] "bold"
INFO [2025-02-26 18:17:29] 
INFO [2025-02-26 18:17:29] $cat.fontfamily
INFO [2025-02-26 18:17:29] [1] "sans"
INFO [2025-02-26 18:17:29] 
INFO [2025-02-26 18:17:29] $main
INFO [2025-02-26 18:17:29] [1] "Venn Diagram of Upregulated Genes in MHCC"
INFO [2025-02-26 18:17:29] 
