INFO [2025-02-20 19:07:30] $x
INFO [2025-02-20 19:07:30] list(`15an` = unique_upregulated_MHCC_15an, `15a` = unique_upregulated_MHCC_15a, 
INFO [2025-02-20 19:07:30]     `15c` = unique_upregulated_MHCC_15c)
INFO [2025-02-20 19:07:30] 
INFO [2025-02-20 19:07:30] $filename
INFO [2025-02-20 19:07:30] NULL
INFO [2025-02-20 19:07:30] 
INFO [2025-02-20 19:07:30] $fill
INFO [2025-02-20 19:07:30] c("red", "green", "blue")
INFO [2025-02-20 19:07:30] 
INFO [2025-02-20 19:07:30] $alpha
INFO [2025-02-20 19:07:30] [1] 0.5
INFO [2025-02-20 19:07:30] 
INFO [2025-02-20 19:07:30] $cex
INFO [2025-02-20 19:07:30] [1] 1.5
INFO [2025-02-20 19:07:30] 
INFO [2025-02-20 19:07:30] $fontface
INFO [2025-02-20 19:07:30] [1] "bold"
INFO [2025-02-20 19:07:30] 
INFO [2025-02-20 19:07:30] $fontfamily
INFO [2025-02-20 19:07:30] [1] "sans"
INFO [2025-02-20 19:07:30] 
INFO [2025-02-20 19:07:30] $cat.cex
INFO [2025-02-20 19:07:30] [1] 1.2
INFO [2025-02-20 19:07:30] 
INFO [2025-02-20 19:07:30] $cat.fontface
INFO [2025-02-20 19:07:30] [1] "bold"
INFO [2025-02-20 19:07:30] 
INFO [2025-02-20 19:07:30] $cat.fontfamily
INFO [2025-02-20 19:07:30] [1] "sans"
INFO [2025-02-20 19:07:30] 
INFO [2025-02-20 19:07:30] $main
INFO [2025-02-20 19:07:30] [1] "Venn Diagram of Upregulated Genes in MHCC"
INFO [2025-02-20 19:07:30] 
